#-----------------------------------------------------------
# Vivado v2018.3 (64-bit)
# SW Build 2405991 on Thu Dec  6 23:38:27 MST 2018
# IP Build 2404404 on Fri Dec  7 01:43:56 MST 2018
# Start of session at: Wed Nov  6 20:22:15 2019
# Process ID: 12908
# Current directory: F:/_SRTP/myIPs/ov2
# Command line: vivado.exe -gui_launcher_event rodinguilauncherevent3464 F:\_SRTP\myIPs\ov2\tmp_edit_project.xpr
# Log file: F:/_SRTP/myIPs/ov2/vivado.log
# Journal file: F:/_SRTP/myIPs/ov2\vivado.jou
#-----------------------------------------------------------
start_gui
open_project F:/_SRTP/myIPs/ov2/tmp_edit_project.xpr
WARNING: [filemgmt 56-99] Vivado Synthesis ignores library specification for Verilog or SystemVerilog files. [F:/_SRTP/myIPs/ov2/src/OV5640_Config.v:]
WARNING: [filemgmt 56-99] Vivado Synthesis ignores library specification for Verilog or SystemVerilog files. [F:/_SRTP/myIPs/ov2/src/OV7670_Config.v:]
WARNING: [filemgmt 56-99] Vivado Synthesis ignores library specification for Verilog or SystemVerilog files. [F:/_SRTP/myIPs/ov2/src/OV_CAM_CLK_Driver.v:]
WARNING: [filemgmt 56-99] Vivado Synthesis ignores library specification for Verilog or SystemVerilog files. [F:/_SRTP/myIPs/ov2/src/OV_CAM_Capture.v:]
WARNING: [filemgmt 56-99] Vivado Synthesis ignores library specification for Verilog or SystemVerilog files. [F:/_SRTP/myIPs/ov2/src/OV_CAM_Controller.v:]
WARNING: [filemgmt 56-99] Vivado Synthesis ignores library specification for Verilog or SystemVerilog files. [F:/_SRTP/myIPs/ov2/src/OV_CAM_SCCB.v:]
WARNING: [filemgmt 56-99] Vivado Synthesis ignores library specification for Verilog or SystemVerilog files. [F:/_SRTP/myIPs/ov2/src/OV_CAM.v:]
Scanning sources...
Finished scanning sources
INFO: [IP_Flow 19-234] Refreshing IP repositories
INFO: [IP_Flow 19-1700] Loaded user IP repository 'f:/_SRTP/myIPs/ov2'.
INFO: [IP_Flow 19-2313] Loaded Vivado IP repository 'F:/Xilinx/Vivado/2018.3/data/ip'.
open_project: Time (s): cpu = 00:00:16 ; elapsed = 00:00:08 . Memory (MB): peak = 723.633 ; gain = 104.242
update_compile_order -fileset sources_1
exit
INFO: [Common 17-206] Exiting Vivado at Wed Nov  6 20:23:48 2019...
